
> zipo@1.0.0 dev
> ts-node-dev --respawn --transpile-only src/index.ts

[INFO] 18:45:58 ts-node-dev ver. 2.0.0 (using ts-node ver. 10.9.2, typescript ver. 6.0.3)
◇ injected env (8) from .env // tip: ⌘ suppress logs { quiet: true }
PrismaClientConstructorValidationError: Using engine type "client" requires either "adapter" or "accelerateUrl" to be provided to PrismaClient constructor.
Read more at https://pris.ly/d/client-constructor
    at Rm (C:\Users\Zues\Desktop\CR\zipo\src\generated\prisma\runtime\client.js:70:4137)
    at jl (C:\Users\Zues\Desktop\CR\zipo\src\generated\prisma\runtime\client.js:70:4438)
    at new t (C:\Users\Zues\Desktop\CR\zipo\src\generated\prisma\runtime\client.js:74:1808)
    at Object.<anonymous> (C:\Users\Zues\Desktop\CR\zipo\src\modules\tenant\routes.ts:6:16)
    at Module.<anonymous> (node:internal/modules/cjs/loader:1803:14)
    at Module._compile (C:\Users\Zues\Desktop\CR\zipo\node_modules\source-map-support\source-map-support.js:568:25)
    at Module.m._compile (C:\Users\Zues\AppData\Local\Temp\ts-node-dev-hook-8726801454026683.js:69:33)
    at node:internal/modules/cjs/loader:1934:10
    at require.extensions..jsx.require.extensions..js (C:\Users\Zues\AppData\Local\Temp\ts-node-dev-hook-8726801454026683.js:114:20)
    at require.extensions.<computed> (C:\Users\Zues\AppData\Local\Temp\ts-node-dev-hook-8726801454026683.js:71:20)
[ERROR] 18:45:59 PrismaClientConstructorValidationError: Using engine type "client" requires either "adapter" or "accelerateUrl" to be provided to PrismaClient constructor.
Read more at https://pris.ly/d/client-constructor
[INFO] 18:48:00 Restarting: C:\Users\Zues\Desktop\CR\zipo\src\generated\prisma\index.js has been modified

C:\Users\Zues\Desktop\CR\zipo>